<?xml version="1.0" encoding="UTF-8"?>
<testng-results skipped="0" failed="0" total="5" passed="5">
  <reporter-output>
    <line>
      <![CDATA[&emsp;<div class="test-title"> <strong><font size = "3" color = "#000080">Verify Current Account details displayed correctly.</font> </strong> </div>&emsp;<div><strong>Steps:</strong></div><!-- Report -->&emsp;]]>
    </line>
    <line>
      <![CDATA[<div class="test-message">&emsp;Launching the TEMENOS Application</div>]]>
    </line>
    <line>
      <![CDATA[<div class="test-message">&emsp;Logged in successfully using username : ROLFGERLINGTC</div>]]>
    </line>
    <line>
      <![CDATA[<div class="test-message">&emsp;Navigated to Homepage!&emsp;<a href=".\ScreenShot\TC_TCIB_AccountPage_001_1.png" target="_blank" >[ScreenShot]</a></div>]]>
    </line>
    <line>
      <![CDATA[<div class="test-message">&emsp;Navigated to All Accounts Tab!&emsp;<a href=".\ScreenShot\TC_TCIB_AccountPage_001_2.png" target="_blank" >[ScreenShot]</a></div>]]>
    </line>
    <line>
      <![CDATA[<div class="test-message">&emsp;Navigated to Accounts Page!&emsp;<a href=".\ScreenShot\TC_TCIB_AccountPage_001_3.png" target="_blank" >[ScreenShot]</a></div>]]>
    </line>
    <line>
      <![CDATA[<div class="test-message">&emsp;<b>Expected : Verifying the account details are correctly displayed..</b></div>]]>
    </line>
    <line>
      <![CDATA[<div class="test-message">&emsp;Actual : Account number is matching!</div>]]>
    </line>
    <line>
      <![CDATA[<div class="test-result"><br><font color="green"><strong> Actual : Account Type is matching! </strong></font> <a href=".\ScreenShot\TC_TCIB_AccountPage_001_4.png" target="_blank" >[ScreenShot]</a></div>&emsp;]]>
    </line>
    <line>
      <![CDATA[<div class="test-message">&emsp;<b>Expected : Verify whether the following tabs [Transactions, Transfers, Payments, Standing Orders, Direct Debits, Cheques, Alerts] are displayed for Current Account.</b></div>]]>
    </line>
    <line>
      <![CDATA[<div class="test-result"><br><font color="green"><strong> Actual : All tabs are displayed! </strong></font> <a href=".\ScreenShot\TC_TCIB_AccountPage_001_5.png" target="_blank" >[ScreenShot]</a></div>&emsp;]]>
    </line>
    <line>
      <![CDATA[<div class="test-result"><br><font color="green"><strong> Test Passed. </strong></font> </div>&emsp;]]>
    </line>
    <line>
      <![CDATA[&emsp;<div class="test-title"> <strong><font size = "3" color = "#000080">Verify Current Account details displayed correctly.</font> </strong> </div>&emsp;<div><strong>Steps:</strong></div><!-- Report -->&emsp;]]>
    </line>
    <line>
      <![CDATA[<div class="test-message">&emsp;Launching the TEMENOS Application</div>]]>
    </line>
    <line>
      <![CDATA[<div class="test-message">&emsp;Logged in successfully using username : ROLFGERLINGTC</div>]]>
    </line>
    <line>
      <![CDATA[<div class="test-message">&emsp;Navigated to Homepage!&emsp;<a href=".\ScreenShot\TC_TCIB_AccountPage_002_6.png" target="_blank" >[ScreenShot]</a></div>]]>
    </line>
    <line>
      <![CDATA[<div class="test-message">&emsp;Navigated to All Accounts Tab!&emsp;<a href=".\ScreenShot\TC_TCIB_AccountPage_002_7.png" target="_blank" >[ScreenShot]</a></div>]]>
    </line>
    <line>
      <![CDATA[<div class="test-message">&emsp;Navigated to Accounts Page!&emsp;<a href=".\ScreenShot\TC_TCIB_AccountPage_002_8.png" target="_blank" >[ScreenShot]</a></div>]]>
    </line>
    <line>
      <![CDATA[<div class="test-message">&emsp;<b>Expected : Verifying the account details are correctly displayed..</b></div>]]>
    </line>
    <line>
      <![CDATA[<div class="test-message">&emsp;Actual : Account number is matching!</div>]]>
    </line>
    <line>
      <![CDATA[<div class="test-message">&emsp;Actual : Account Type is matching!</div>]]>
    </line>
    <line>
      <![CDATA[<div class="test-message">&emsp;<b>Expected : Verify whether the following tabs [Transactions, Transfers, Payments, Standing Orders, Direct Debits, Cheques, Alerts] are displayed for Current Account.</b></div>]]>
    </line>
    <line>
      <![CDATA[<div class="test-result"><br><font color="green"><strong> Actual : All tabs are displayed! </strong></font> <a href=".\ScreenShot\TC_TCIB_AccountPage_002_9.png" target="_blank" >[ScreenShot]</a></div>&emsp;]]>
    </line>
    <line>
      <![CDATA[<div class="test-result"><br><font color="green"><strong> Test Passed. </strong></font> </div>&emsp;]]>
    </line>
    <line>
      <![CDATA[&emsp;<div class="test-title"> <strong><font size = "3" color = "#000080">Verify Savings Account details displayed correctly.</font> </strong> </div>&emsp;<div><strong>Steps:</strong></div><!-- Report -->&emsp;]]>
    </line>
    <line>
      <![CDATA[<div class="test-message">&emsp;Launching the TEMENOS Application</div>]]>
    </line>
    <line>
      <![CDATA[<div class="test-message">&emsp;Logged in successfully using username : ROLFGERLINGTC</div>]]>
    </line>
    <line>
      <![CDATA[<div class="test-message">&emsp;Navigated to Homepage!&emsp;<a href=".\ScreenShot\TC_TCIB_AccountPage_003_10.png" target="_blank" >[ScreenShot]</a></div>]]>
    </line>
    <line>
      <![CDATA[<div class="test-message">&emsp;Navigated to All Accounts Tab!&emsp;<a href=".\ScreenShot\TC_TCIB_AccountPage_003_11.png" target="_blank" >[ScreenShot]</a></div>]]>
    </line>
    <line>
      <![CDATA[<div class="test-message">&emsp;Navigated to Accounts Page!&emsp;<a href=".\ScreenShot\TC_TCIB_AccountPage_003_12.png" target="_blank" >[ScreenShot]</a></div>]]>
    </line>
    <line>
      <![CDATA[<div class="test-message">&emsp;<b>Expected : Verifying the account details are correctly displayed..</b></div>]]>
    </line>
    <line>
      <![CDATA[<div class="test-result"><br><font color="green"><strong> Actual : Account number is matching! </strong></font> <a href=".\ScreenShot\TC_TCIB_AccountPage_003_13.png" target="_blank" >[ScreenShot]</a></div>&emsp;]]>
    </line>
    <line>
      <![CDATA[<div class="test-result"><br><font color="green"><strong> Actual : Account Type is matching! </strong></font> <a href=".\ScreenShot\TC_TCIB_AccountPage_003_14.png" target="_blank" >[ScreenShot]</a></div>&emsp;]]>
    </line>
    <line>
      <![CDATA[<div class="test-message">&emsp;<b>Expected : Verify whether the following tabs [Transactions, Transfers, Payments, Standing Orders, Direct Debits, Cheques, Alerts] are displayed for Savings Account..</b></div>]]>
    </line>
    <line>
      <![CDATA[<div class="test-result"><br><font color="green"><strong> Actual : All tabs are displayed! </strong></font> <a href=".\ScreenShot\TC_TCIB_AccountPage_003_15.png" target="_blank" >[ScreenShot]</a></div>&emsp;]]>
    </line>
    <line>
      <![CDATA[<div class="test-result"><br><font color="green"><strong> Test Passed. </strong></font> </div>&emsp;]]>
    </line>
    <line>
      <![CDATA[&emsp;<div class="test-title"> <strong><font size = "3" color = "#000080">Verify Mortgage Account details displayed correctly.</font> </strong> </div>&emsp;<div><strong>Steps:</strong></div><!-- Report -->&emsp;]]>
    </line>
    <line>
      <![CDATA[<div class="test-message">&emsp;Launching the TEMENOS Application</div>]]>
    </line>
    <line>
      <![CDATA[<div class="test-message">&emsp;Logged in successfully using username : ROLFGERLINGTC</div>]]>
    </line>
    <line>
      <![CDATA[<div class="test-message">&emsp;Navigated to Homepage!&emsp;<a href=".\ScreenShot\TC_TCIB_AccountPage_004_16.png" target="_blank" >[ScreenShot]</a></div>]]>
    </line>
    <line>
      <![CDATA[<div class="test-message">&emsp;Navigated to All Accounts Tab!&emsp;<a href=".\ScreenShot\TC_TCIB_AccountPage_004_17.png" target="_blank" >[ScreenShot]</a></div>]]>
    </line>
    <line>
      <![CDATA[<div class="test-message">&emsp;Navigated to Accounts Page!&emsp;<a href=".\ScreenShot\TC_TCIB_AccountPage_004_18.png" target="_blank" >[ScreenShot]</a></div>]]>
    </line>
    <line>
      <![CDATA[<div class="test-message">&emsp;<b>Expected : Verifying the account details are correctly displayed..</b></div>]]>
    </line>
    <line>
      <![CDATA[<div class="test-result"><br><font color="green"><strong> Actual : Account number is matching! </strong></font> <a href=".\ScreenShot\TC_TCIB_AccountPage_004_19.png" target="_blank" >[ScreenShot]</a></div>&emsp;]]>
    </line>
    <line>
      <![CDATA[<div class="test-message">&emsp;<b>Expected : Verify whether the following tabs [Transactions, Schedule, Pay Overdue] are displayed for Morgage Account..</b></div>]]>
    </line>
    <line>
      <![CDATA[<div class="test-message">&emsp;Actual : Transaction, Schedule and Pay OverDue tabs are displayed!</div>]]>
    </line>
    <line>
      <![CDATA[<div class="test-message">&emsp;<b>Expected : Verify whether the following tabs [Transfers, Payments, Standing Orders, Direct Debits, Cheques, Alerts] are not displayed for Mortgage Account..</b></div>]]>
    </line>
    <line>
      <![CDATA[<div class="test-result"><br><font color="green"><strong> Actual : Transfers, Payment, Standing Order, Direct Debts, Cheques, Alerts tabs are not displayed! </strong></font> <a href=".\ScreenShot\TC_TCIB_AccountPage_004_20.png" target="_blank" >[ScreenShot]</a></div>&emsp;]]>
    </line>
    <line>
      <![CDATA[<div class="test-result"><br><font color="green"><strong> Test Passed. </strong></font> </div>&emsp;]]>
    </line>
    <line>
      <![CDATA[&emsp;<div class="test-title"> <strong><font size = "3" color = "#000080">Verify Mortgage Account details displayed correctly.</font> </strong> </div>&emsp;<div><strong>Steps:</strong></div><!-- Report -->&emsp;]]>
    </line>
    <line>
      <![CDATA[<div class="test-message">&emsp;Launching the TEMENOS Application</div>]]>
    </line>
    <line>
      <![CDATA[<div class="test-message">&emsp;Logged in successfully using username : ROLFGERLINGTC</div>]]>
    </line>
    <line>
      <![CDATA[<div class="test-message">&emsp;Navigated to Homepage!&emsp;<a href=".\ScreenShot\TC_TCIB_AccountPage_005_21.png" target="_blank" >[ScreenShot]</a></div>]]>
    </line>
    <line>
      <![CDATA[<div class="test-message">&emsp;Navigated to All Accounts Tab!&emsp;<a href=".\ScreenShot\TC_TCIB_AccountPage_005_22.png" target="_blank" >[ScreenShot]</a></div>]]>
    </line>
    <line>
      <![CDATA[<div class="test-message">&emsp;Navigated to Accounts Page!&emsp;<a href=".\ScreenShot\TC_TCIB_AccountPage_005_23.png" target="_blank" >[ScreenShot]</a></div>]]>
    </line>
    <line>
      <![CDATA[<div class="test-message">&emsp;<b>Expected : Verifying the account details are correctly displayed..</b></div>]]>
    </line>
    <line>
      <![CDATA[<div class="test-result"><br><font color="green"><strong> Actual : Account number is matching! </strong></font> <a href=".\ScreenShot\TC_TCIB_AccountPage_005_24.png" target="_blank" >[ScreenShot]</a></div>&emsp;]]>
    </line>
    <line>
      <![CDATA[<div class="test-message">&emsp;<b>Expected : Verify whether the following tabs [Transactions, Schedule, Pay Overdue] are displayed for Mortgage Account..</b></div>]]>
    </line>
    <line>
      <![CDATA[<div class="test-result"><br><font color="green"><strong> Actual : Transaction, Schedule and Pay OverDue tabs are displaying </strong></font> <a href=".\ScreenShot\TC_TCIB_AccountPage_005_25.png" target="_blank" >[ScreenShot]</a></div>&emsp;]]>
    </line>
    <line>
      <![CDATA[<div class="test-message">&emsp;<b>Expected : Verify whether the following tabs [Transfers, Payments, Standing Orders, Direct Debits, Cheques, Alerts] are not displayed for Mortgage Account..</b></div>]]>
    </line>
    <line>
      <![CDATA[<div class="test-result"><br><font color="green"><strong> Actual : Transfers, Payment, Standing Order, Direct Debts, Cheques, Alerts tabs are not displaying </strong></font> <a href=".\ScreenShot\TC_TCIB_AccountPage_005_26.png" target="_blank" >[ScreenShot]</a></div>&emsp;]]>
    </line>
    <line>
      <![CDATA[<div class="test-result"><br><font color="green"><strong> Test Passed. </strong></font> </div>&emsp;]]>
    </line>
  </reporter-output>
  <suite name="PortFolio Suite" duration-ms="561790" started-at="2018-01-09T04:19:58Z" finished-at="2018-01-09T04:29:19Z">
    <groups>
    </groups>
    <test name="Temenos" duration-ms="561790" started-at="2018-01-09T04:19:58Z" finished-at="2018-01-09T04:29:19Z">
      <class name="com.temenos.testscripts.AccountPageTest">
        <test-method status="PASS" signature="beforeSuite()[pri:0, instance:com.temenos.testscripts.AccountPageTest@7d9d1a19]" name="beforeSuite" is-config="true" duration-ms="10" started-at="2018-01-09T12:19:58Z" finished-at="2018-01-09T12:19:58Z">
          <reporter-output>
          </reporter-output>
        </test-method> <!-- beforeSuite -->
        <test-method status="PASS" signature="setTestData()[pri:0, instance:com.temenos.testscripts.AccountPageTest@7d9d1a19]" name="setTestData" is-config="true" duration-ms="10" started-at="2018-01-09T12:19:58Z" finished-at="2018-01-09T12:19:58Z">
          <reporter-output>
          </reporter-output>
        </test-method> <!-- setTestData -->
        <test-method status="PASS" signature="TC_TCIB_AccountPage_001(java.lang.String)[pri:0, instance:com.temenos.testscripts.AccountPageTest@7d9d1a19]" name="TC_TCIB_AccountPage_001" duration-ms="99860" started-at="2018-01-09T12:20:04Z" description="Verify Current Account details displayed correctly." data-provider="TCIB_DP" finished-at="2018-01-09T12:21:44Z">
          <params>
            <param index="0">
              <value>
                <![CDATA[(Browser: chrome, Hub: Pavi-PC, Node: LOCALHOST), chrome_XP]]>
              </value>
            </param>
          </params>
          <reporter-output>
            <line>
              <![CDATA[&emsp;<div class="test-title"> <strong><font size = "3" color = "#000080">Verify Current Account details displayed correctly.</font> </strong> </div>&emsp;<div><strong>Steps:</strong></div><!-- Report -->&emsp;]]>
            </line>
            <line>
              <![CDATA[<div class="test-message">&emsp;Launching the TEMENOS Application</div>]]>
            </line>
            <line>
              <![CDATA[<div class="test-message">&emsp;Logged in successfully using username : ROLFGERLINGTC</div>]]>
            </line>
            <line>
              <![CDATA[<div class="test-message">&emsp;Navigated to Homepage!&emsp;<a href=".\ScreenShot\TC_TCIB_AccountPage_001_1.png" target="_blank" >[ScreenShot]</a></div>]]>
            </line>
            <line>
              <![CDATA[<div class="test-message">&emsp;Navigated to All Accounts Tab!&emsp;<a href=".\ScreenShot\TC_TCIB_AccountPage_001_2.png" target="_blank" >[ScreenShot]</a></div>]]>
            </line>
            <line>
              <![CDATA[<div class="test-message">&emsp;Navigated to Accounts Page!&emsp;<a href=".\ScreenShot\TC_TCIB_AccountPage_001_3.png" target="_blank" >[ScreenShot]</a></div>]]>
            </line>
            <line>
              <![CDATA[<div class="test-message">&emsp;<b>Expected : Verifying the account details are correctly displayed..</b></div>]]>
            </line>
            <line>
              <![CDATA[<div class="test-message">&emsp;Actual : Account number is matching!</div>]]>
            </line>
            <line>
              <![CDATA[<div class="test-result"><br><font color="green"><strong> Actual : Account Type is matching! </strong></font> <a href=".\ScreenShot\TC_TCIB_AccountPage_001_4.png" target="_blank" >[ScreenShot]</a></div>&emsp;]]>
            </line>
            <line>
              <![CDATA[<div class="test-message">&emsp;<b>Expected : Verify whether the following tabs [Transactions, Transfers, Payments, Standing Orders, Direct Debits, Cheques, Alerts] are displayed for Current Account.</b></div>]]>
            </line>
            <line>
              <![CDATA[<div class="test-result"><br><font color="green"><strong> Actual : All tabs are displayed! </strong></font> <a href=".\ScreenShot\TC_TCIB_AccountPage_001_5.png" target="_blank" >[ScreenShot]</a></div>&emsp;]]>
            </line>
            <line>
              <![CDATA[<div class="test-result"><br><font color="green"><strong> Test Passed. </strong></font> </div>&emsp;]]>
            </line>
          </reporter-output>
        </test-method> <!-- TC_TCIB_AccountPage_001 -->
        <test-method status="PASS" signature="TC_TCIB_AccountPage_002(java.lang.String)[pri:0, instance:com.temenos.testscripts.AccountPageTest@7d9d1a19]" name="TC_TCIB_AccountPage_002" duration-ms="105100" started-at="2018-01-09T12:21:49Z" description="Verify Current Account details displayed correctly." data-provider="TCIB_DP" finished-at="2018-01-09T12:23:34Z">
          <params>
            <param index="0">
              <value>
                <![CDATA[(Browser: chrome, Hub: Pavi-PC, Node: LOCALHOST), chrome_XP]]>
              </value>
            </param>
          </params>
          <reporter-output>
            <line>
              <![CDATA[&emsp;<div class="test-title"> <strong><font size = "3" color = "#000080">Verify Current Account details displayed correctly.</font> </strong> </div>&emsp;<div><strong>Steps:</strong></div><!-- Report -->&emsp;]]>
            </line>
            <line>
              <![CDATA[<div class="test-message">&emsp;Launching the TEMENOS Application</div>]]>
            </line>
            <line>
              <![CDATA[<div class="test-message">&emsp;Logged in successfully using username : ROLFGERLINGTC</div>]]>
            </line>
            <line>
              <![CDATA[<div class="test-message">&emsp;Navigated to Homepage!&emsp;<a href=".\ScreenShot\TC_TCIB_AccountPage_002_6.png" target="_blank" >[ScreenShot]</a></div>]]>
            </line>
            <line>
              <![CDATA[<div class="test-message">&emsp;Navigated to All Accounts Tab!&emsp;<a href=".\ScreenShot\TC_TCIB_AccountPage_002_7.png" target="_blank" >[ScreenShot]</a></div>]]>
            </line>
            <line>
              <![CDATA[<div class="test-message">&emsp;Navigated to Accounts Page!&emsp;<a href=".\ScreenShot\TC_TCIB_AccountPage_002_8.png" target="_blank" >[ScreenShot]</a></div>]]>
            </line>
            <line>
              <![CDATA[<div class="test-message">&emsp;<b>Expected : Verifying the account details are correctly displayed..</b></div>]]>
            </line>
            <line>
              <![CDATA[<div class="test-message">&emsp;Actual : Account number is matching!</div>]]>
            </line>
            <line>
              <![CDATA[<div class="test-message">&emsp;Actual : Account Type is matching!</div>]]>
            </line>
            <line>
              <![CDATA[<div class="test-message">&emsp;<b>Expected : Verify whether the following tabs [Transactions, Transfers, Payments, Standing Orders, Direct Debits, Cheques, Alerts] are displayed for Current Account.</b></div>]]>
            </line>
            <line>
              <![CDATA[<div class="test-result"><br><font color="green"><strong> Actual : All tabs are displayed! </strong></font> <a href=".\ScreenShot\TC_TCIB_AccountPage_002_9.png" target="_blank" >[ScreenShot]</a></div>&emsp;]]>
            </line>
            <line>
              <![CDATA[<div class="test-result"><br><font color="green"><strong> Test Passed. </strong></font> </div>&emsp;]]>
            </line>
          </reporter-output>
        </test-method> <!-- TC_TCIB_AccountPage_002 -->
        <test-method status="PASS" signature="TC_TCIB_AccountPage_003(java.lang.String)[pri:0, instance:com.temenos.testscripts.AccountPageTest@7d9d1a19]" name="TC_TCIB_AccountPage_003" duration-ms="98685" started-at="2018-01-09T12:23:41Z" description="Verify Savings Account details displayed correctly." data-provider="TCIB_DP" finished-at="2018-01-09T12:25:19Z">
          <params>
            <param index="0">
              <value>
                <![CDATA[(Browser: chrome, Hub: Pavi-PC, Node: LOCALHOST), chrome_XP]]>
              </value>
            </param>
          </params>
          <reporter-output>
            <line>
              <![CDATA[&emsp;<div class="test-title"> <strong><font size = "3" color = "#000080">Verify Savings Account details displayed correctly.</font> </strong> </div>&emsp;<div><strong>Steps:</strong></div><!-- Report -->&emsp;]]>
            </line>
            <line>
              <![CDATA[<div class="test-message">&emsp;Launching the TEMENOS Application</div>]]>
            </line>
            <line>
              <![CDATA[<div class="test-message">&emsp;Logged in successfully using username : ROLFGERLINGTC</div>]]>
            </line>
            <line>
              <![CDATA[<div class="test-message">&emsp;Navigated to Homepage!&emsp;<a href=".\ScreenShot\TC_TCIB_AccountPage_003_10.png" target="_blank" >[ScreenShot]</a></div>]]>
            </line>
            <line>
              <![CDATA[<div class="test-message">&emsp;Navigated to All Accounts Tab!&emsp;<a href=".\ScreenShot\TC_TCIB_AccountPage_003_11.png" target="_blank" >[ScreenShot]</a></div>]]>
            </line>
            <line>
              <![CDATA[<div class="test-message">&emsp;Navigated to Accounts Page!&emsp;<a href=".\ScreenShot\TC_TCIB_AccountPage_003_12.png" target="_blank" >[ScreenShot]</a></div>]]>
            </line>
            <line>
              <![CDATA[<div class="test-message">&emsp;<b>Expected : Verifying the account details are correctly displayed..</b></div>]]>
            </line>
            <line>
              <![CDATA[<div class="test-result"><br><font color="green"><strong> Actual : Account number is matching! </strong></font> <a href=".\ScreenShot\TC_TCIB_AccountPage_003_13.png" target="_blank" >[ScreenShot]</a></div>&emsp;]]>
            </line>
            <line>
              <![CDATA[<div class="test-result"><br><font color="green"><strong> Actual : Account Type is matching! </strong></font> <a href=".\ScreenShot\TC_TCIB_AccountPage_003_14.png" target="_blank" >[ScreenShot]</a></div>&emsp;]]>
            </line>
            <line>
              <![CDATA[<div class="test-message">&emsp;<b>Expected : Verify whether the following tabs [Transactions, Transfers, Payments, Standing Orders, Direct Debits, Cheques, Alerts] are displayed for Savings Account..</b></div>]]>
            </line>
            <line>
              <![CDATA[<div class="test-result"><br><font color="green"><strong> Actual : All tabs are displayed! </strong></font> <a href=".\ScreenShot\TC_TCIB_AccountPage_003_15.png" target="_blank" >[ScreenShot]</a></div>&emsp;]]>
            </line>
            <line>
              <![CDATA[<div class="test-result"><br><font color="green"><strong> Test Passed. </strong></font> </div>&emsp;]]>
            </line>
          </reporter-output>
        </test-method> <!-- TC_TCIB_AccountPage_003 -->
        <test-method status="PASS" signature="TC_TCIB_AccountPage_004(java.lang.String)[pri:0, instance:com.temenos.testscripts.AccountPageTest@7d9d1a19]" name="TC_TCIB_AccountPage_004" duration-ms="104272" started-at="2018-01-09T12:25:26Z" description="Verify Mortgage Account details displayed correctly." data-provider="TCIB_DP" finished-at="2018-01-09T12:27:10Z">
          <params>
            <param index="0">
              <value>
                <![CDATA[(Browser: chrome, Hub: Pavi-PC, Node: LOCALHOST), chrome_XP]]>
              </value>
            </param>
          </params>
          <reporter-output>
            <line>
              <![CDATA[&emsp;<div class="test-title"> <strong><font size = "3" color = "#000080">Verify Mortgage Account details displayed correctly.</font> </strong> </div>&emsp;<div><strong>Steps:</strong></div><!-- Report -->&emsp;]]>
            </line>
            <line>
              <![CDATA[<div class="test-message">&emsp;Launching the TEMENOS Application</div>]]>
            </line>
            <line>
              <![CDATA[<div class="test-message">&emsp;Logged in successfully using username : ROLFGERLINGTC</div>]]>
            </line>
            <line>
              <![CDATA[<div class="test-message">&emsp;Navigated to Homepage!&emsp;<a href=".\ScreenShot\TC_TCIB_AccountPage_004_16.png" target="_blank" >[ScreenShot]</a></div>]]>
            </line>
            <line>
              <![CDATA[<div class="test-message">&emsp;Navigated to All Accounts Tab!&emsp;<a href=".\ScreenShot\TC_TCIB_AccountPage_004_17.png" target="_blank" >[ScreenShot]</a></div>]]>
            </line>
            <line>
              <![CDATA[<div class="test-message">&emsp;Navigated to Accounts Page!&emsp;<a href=".\ScreenShot\TC_TCIB_AccountPage_004_18.png" target="_blank" >[ScreenShot]</a></div>]]>
            </line>
            <line>
              <![CDATA[<div class="test-message">&emsp;<b>Expected : Verifying the account details are correctly displayed..</b></div>]]>
            </line>
            <line>
              <![CDATA[<div class="test-result"><br><font color="green"><strong> Actual : Account number is matching! </strong></font> <a href=".\ScreenShot\TC_TCIB_AccountPage_004_19.png" target="_blank" >[ScreenShot]</a></div>&emsp;]]>
            </line>
            <line>
              <![CDATA[<div class="test-message">&emsp;<b>Expected : Verify whether the following tabs [Transactions, Schedule, Pay Overdue] are displayed for Morgage Account..</b></div>]]>
            </line>
            <line>
              <![CDATA[<div class="test-message">&emsp;Actual : Transaction, Schedule and Pay OverDue tabs are displayed!</div>]]>
            </line>
            <line>
              <![CDATA[<div class="test-message">&emsp;<b>Expected : Verify whether the following tabs [Transfers, Payments, Standing Orders, Direct Debits, Cheques, Alerts] are not displayed for Mortgage Account..</b></div>]]>
            </line>
            <line>
              <![CDATA[<div class="test-result"><br><font color="green"><strong> Actual : Transfers, Payment, Standing Order, Direct Debts, Cheques, Alerts tabs are not displayed! </strong></font> <a href=".\ScreenShot\TC_TCIB_AccountPage_004_20.png" target="_blank" >[ScreenShot]</a></div>&emsp;]]>
            </line>
            <line>
              <![CDATA[<div class="test-result"><br><font color="green"><strong> Test Passed. </strong></font> </div>&emsp;]]>
            </line>
          </reporter-output>
        </test-method> <!-- TC_TCIB_AccountPage_004 -->
        <test-method status="PASS" signature="TC_TCIB_AccountPage_005(java.lang.String)[pri:0, instance:com.temenos.testscripts.AccountPageTest@7d9d1a19]" name="TC_TCIB_AccountPage_005" duration-ms="123910" started-at="2018-01-09T12:27:15Z" description="Verify Mortgage Account details displayed correctly." data-provider="TCIB_DP" finished-at="2018-01-09T12:29:19Z">
          <params>
            <param index="0">
              <value>
                <![CDATA[(Browser: chrome, Hub: Pavi-PC, Node: LOCALHOST), chrome_XP]]>
              </value>
            </param>
          </params>
          <reporter-output>
            <line>
              <![CDATA[&emsp;<div class="test-title"> <strong><font size = "3" color = "#000080">Verify Mortgage Account details displayed correctly.</font> </strong> </div>&emsp;<div><strong>Steps:</strong></div><!-- Report -->&emsp;]]>
            </line>
            <line>
              <![CDATA[<div class="test-message">&emsp;Launching the TEMENOS Application</div>]]>
            </line>
            <line>
              <![CDATA[<div class="test-message">&emsp;Logged in successfully using username : ROLFGERLINGTC</div>]]>
            </line>
            <line>
              <![CDATA[<div class="test-message">&emsp;Navigated to Homepage!&emsp;<a href=".\ScreenShot\TC_TCIB_AccountPage_005_21.png" target="_blank" >[ScreenShot]</a></div>]]>
            </line>
            <line>
              <![CDATA[<div class="test-message">&emsp;Navigated to All Accounts Tab!&emsp;<a href=".\ScreenShot\TC_TCIB_AccountPage_005_22.png" target="_blank" >[ScreenShot]</a></div>]]>
            </line>
            <line>
              <![CDATA[<div class="test-message">&emsp;Navigated to Accounts Page!&emsp;<a href=".\ScreenShot\TC_TCIB_AccountPage_005_23.png" target="_blank" >[ScreenShot]</a></div>]]>
            </line>
            <line>
              <![CDATA[<div class="test-message">&emsp;<b>Expected : Verifying the account details are correctly displayed..</b></div>]]>
            </line>
            <line>
              <![CDATA[<div class="test-result"><br><font color="green"><strong> Actual : Account number is matching! </strong></font> <a href=".\ScreenShot\TC_TCIB_AccountPage_005_24.png" target="_blank" >[ScreenShot]</a></div>&emsp;]]>
            </line>
            <line>
              <![CDATA[<div class="test-message">&emsp;<b>Expected : Verify whether the following tabs [Transactions, Schedule, Pay Overdue] are displayed for Mortgage Account..</b></div>]]>
            </line>
            <line>
              <![CDATA[<div class="test-result"><br><font color="green"><strong> Actual : Transaction, Schedule and Pay OverDue tabs are displaying </strong></font> <a href=".\ScreenShot\TC_TCIB_AccountPage_005_25.png" target="_blank" >[ScreenShot]</a></div>&emsp;]]>
            </line>
            <line>
              <![CDATA[<div class="test-message">&emsp;<b>Expected : Verify whether the following tabs [Transfers, Payments, Standing Orders, Direct Debits, Cheques, Alerts] are not displayed for Mortgage Account..</b></div>]]>
            </line>
            <line>
              <![CDATA[<div class="test-result"><br><font color="green"><strong> Actual : Transfers, Payment, Standing Order, Direct Debts, Cheques, Alerts tabs are not displaying </strong></font> <a href=".\ScreenShot\TC_TCIB_AccountPage_005_26.png" target="_blank" >[ScreenShot]</a></div>&emsp;]]>
            </line>
            <line>
              <![CDATA[<div class="test-result"><br><font color="green"><strong> Test Passed. </strong></font> </div>&emsp;]]>
            </line>
          </reporter-output>
        </test-method> <!-- TC_TCIB_AccountPage_005 -->
      </class> <!-- com.temenos.testscripts.AccountPageTest -->
    </test> <!-- Temenos -->
  </suite> <!-- PortFolio Suite -->
</testng-results>
